  Building 'kscldr' with toolset 'WindowsKernelModeDriver10.0' and the 'Universal' target platform.
  Stamping x64\Debug\kscldr.inf
  Stamping [Version] section with DriverVer=08/31/2022,17.27.20.711
  kscldr.c
C:\Users\ZAI\Desktop\Project\cve\kscldr\kernelShellcodeLoader\kscldr\kscldr.c(307,54): warning C4057: “函数”:“const char *”与“PUCHAR”在稍微不同的基类型间接寻址上不同
C:\Users\ZAI\Desktop\Project\cve\kscldr\kernelShellcodeLoader\kscldr\kscldr.c(644,17): warning C4996: 'ExAllocatePoolWithTag': ExAllocatePoolWithTag is deprecated, use ExAllocatePool2.
  kscldr.vcxproj -> C:\Users\ZAI\Desktop\Project\cve\kscldr\kernelShellcodeLoader\x64\Debug\kscldr.sys
  Done Adding Additional Store
  Successfully signed: C:\Users\ZAI\Desktop\Project\cve\kscldr\kernelShellcodeLoader\x64\Debug\kscldr.sys
  
  Driver is 'Universal'.
  ........................
  Signability test complete.
  
  Errors:
  None
  
  Warnings:
  None
  
  Catalog generation complete.
  C:\Users\ZAI\Desktop\Project\cve\kscldr\kernelShellcodeLoader\x64\Debug\kscldr\kscldr.cat
  Done Adding Additional Store
  Successfully signed: C:\Users\ZAI\Desktop\Project\cve\kscldr\kernelShellcodeLoader\x64\Debug\kscldr\kscldr.cat
  
