c:\users\zai\desktop\project\cve\kscldr\kernelshellcodeloader\kscldr\x64\debug\vc143.pdb
c:\users\zai\desktop\project\cve\kscldr\kernelshellcodeloader\kscldr\x64\debug\kscldr.obj
c:\users\zai\desktop\project\cve\kscldr\kernelshellcodeloader\x64\debug\kscldr\kscldr.cat
c:\users\zai\desktop\project\cve\kscldr\kernelshellcodeloader\x64\debug\kscldr.sys
c:\users\zai\desktop\project\cve\kscldr\kernelshellcodeloader\x64\debug\kscldr.pdb
c:\users\zai\desktop\project\cve\kscldr\kernelshellcodeloader\kscldr\x64\debug\kscldr.inf
c:\users\zai\desktop\project\cve\kscldr\kernelshellcodeloader\x64\debug\kscldr.cer
c:\users\zai\desktop\project\cve\kscldr\kernelshellcodeloader\x64\debug\kscldr.inf
c:\users\zai\desktop\project\cve\kscldr\kernelshellcodeloader\kscldr\x64\debug\kscldr.tlog\cl.command.1.tlog
c:\users\zai\desktop\project\cve\kscldr\kernelshellcodeloader\kscldr\x64\debug\kscldr.tlog\cl.read.1.tlog
c:\users\zai\desktop\project\cve\kscldr\kernelshellcodeloader\kscldr\x64\debug\kscldr.tlog\cl.write.1.tlog
c:\users\zai\desktop\project\cve\kscldr\kernelshellcodeloader\kscldr\x64\debug\kscldr.tlog\inf2cat-expand.22404.read.1.tlog
c:\users\zai\desktop\project\cve\kscldr\kernelshellcodeloader\kscldr\x64\debug\kscldr.tlog\inf2cat-expand.22404.write.1.tlog
c:\users\zai\desktop\project\cve\kscldr\kernelshellcodeloader\kscldr\x64\debug\kscldr.tlog\inf2cat-expand.read.1.tlog
c:\users\zai\desktop\project\cve\kscldr\kernelshellcodeloader\kscldr\x64\debug\kscldr.tlog\inf2cat-expand.write.1.tlog
c:\users\zai\desktop\project\cve\kscldr\kernelshellcodeloader\kscldr\x64\debug\kscldr.tlog\inf2cat.command.1.tlog
c:\users\zai\desktop\project\cve\kscldr\kernelshellcodeloader\kscldr\x64\debug\kscldr.tlog\inf2cat.read.1.tlog
c:\users\zai\desktop\project\cve\kscldr\kernelshellcodeloader\kscldr\x64\debug\kscldr.tlog\inf2cat.read.8.tlog
c:\users\zai\desktop\project\cve\kscldr\kernelshellcodeloader\kscldr\x64\debug\kscldr.tlog\inf2cat.write.1.tlog
c:\users\zai\desktop\project\cve\kscldr\kernelshellcodeloader\kscldr\x64\debug\kscldr.tlog\inf2cat.write.8.tlog
c:\users\zai\desktop\project\cve\kscldr\kernelshellcodeloader\kscldr\x64\debug\kscldr.tlog\link.command.1.tlog
c:\users\zai\desktop\project\cve\kscldr\kernelshellcodeloader\kscldr\x64\debug\kscldr.tlog\link.read.1.tlog
c:\users\zai\desktop\project\cve\kscldr\kernelshellcodeloader\kscldr\x64\debug\kscldr.tlog\link.write.1.tlog
c:\users\zai\desktop\project\cve\kscldr\kernelshellcodeloader\kscldr\x64\debug\kscldr.tlog\signtool.command.1.tlog
c:\users\zai\desktop\project\cve\kscldr\kernelshellcodeloader\kscldr\x64\debug\kscldr.tlog\signtool.read.1.tlog
c:\users\zai\desktop\project\cve\kscldr\kernelshellcodeloader\kscldr\x64\debug\kscldr.tlog\signtool.timestamp.1.tlog
c:\users\zai\desktop\project\cve\kscldr\kernelshellcodeloader\kscldr\x64\debug\kscldr.tlog\signtool.write.1.tlog
c:\users\zai\desktop\project\cve\kscldr\kernelshellcodeloader\kscldr\x64\debug\kscldr.tlog\stampinf.command.1.tlog
c:\users\zai\desktop\project\cve\kscldr\kernelshellcodeloader\kscldr\x64\debug\kscldr.tlog\stampinf.read.1.tlog
c:\users\zai\desktop\project\cve\kscldr\kernelshellcodeloader\kscldr\x64\debug\kscldr.tlog\stampinf.write.1.tlog
